# JRE version: OpenJDK Runtime Environment (7.0_79-b14) (build 1.7.0_79-b14)
# Java VM: OpenJDK 64-Bit Server VM (24.79-b02 mixed mode linux-amd64 compressed oops)
Heap
 PSYoungGen      total 104960K, used 37836K [0x00000007ad000000, 0x00000007b6500000, 0x0000000800000000)
  eden space 61440K, 50% used [0x00000007ad000000,0x00000007aee61580,0x00000007b0c00000)
  from space 43520K, 15% used [0x00000007b3a80000,0x00000007b4111d30,0x00000007b6500000)
  to   space 45568K, 0% used [0x00000007b0c00000,0x00000007b0c00000,0x00000007b3880000)
 ParOldGen       total 169984K, used 13656K [0x0000000707000000, 0x0000000711600000, 0x00000007ad000000)
  object space 169984K, 8% used [0x0000000707000000,0x0000000707d56058,0x0000000711600000)
 PSPermGen       total 22528K, used 12053K [0x00000006fca00000, 0x00000006fe000000, 0x0000000707000000)
  object space 22528K, 53% used [0x00000006fca00000,0x00000006fd5c5798,0x00000006fe000000)
GC Heap History (10 events):
Event: 12873.237 GC heap before
{Heap before GC invocations=67 (full 5):
 PSYoungGen      total 52224K, used 51712K [0x00000007ad000000, 0x00000007b4280000, 0x0000000800000000)
  eden space 51712K, 100% used [0x00000007ad000000,0x00000007b0280000,0x00000007b0280000)
  from space 512K, 0% used [0x00000007b0280000,0x00000007b0280000,0x00000007b0300000)
  to   space 32768K, 0% used [0x00000007b2280000,0x00000007b2280000,0x00000007b4280000)
 ParOldGen       total 169984K, used 1719K [0x0000000707000000, 0x0000000711600000, 0x00000007ad000000)
  object space 169984K, 1% used [0x0000000707000000,0x00000007071adf98,0x0000000711600000)
 PSPermGen       total 22528K, used 12009K [0x00000006fca00000, 0x00000006fe000000, 0x0000000707000000)
  object space 22528K, 53% used [0x00000006fca00000,0x00000006fd5ba690,0x00000006fe000000)
Event: 12873.410 GC heap after
Heap after GC invocations=67 (full 5):
 PSYoungGen      total 75264K, used 32763K [0x00000007ad000000, 0x00000007b5f00000, 0x0000000800000000)
  eden space 42496K, 0% used [0x00000007ad000000,0x00000007ad000000,0x00000007af980000)
  from space 32768K, 99% used [0x00000007b2280000,0x00000007b427ece0,0x00000007b4280000)
  to   space 41984K, 0% used [0x00000007af980000,0x00000007af980000,0x00000007b2280000)
 ParOldGen       total 169984K, used 8871K [0x0000000707000000, 0x0000000711600000, 0x00000007ad000000)
  object space 169984K, 5% used [0x0000000707000000,0x00000007078a9f98,0x0000000711600000)
 PSPermGen       total 22528K, used 12009K [0x00000006fca00000, 0x00000006fe000000, 0x0000000707000000)
  object space 22528K, 53% used [0x00000006fca00000,0x00000006fd5ba690,0x00000006fe000000)
}
Event: 12873.597 GC heap before
{Heap before GC invocations=68 (full 5):
 PSYoungGen      total 75264K, used 75259K [0x00000007ad000000, 0x00000007b5f00000, 0x0000000800000000)
  eden space 42496K, 100% used [0x00000007ad000000,0x00000007af980000,0x00000007af980000)
  from space 32768K, 99% used [0x00000007b2280000,0x00000007b427ece0,0x00000007b4280000)
  to   space 41984K, 0% used [0x00000007af980000,0x00000007af980000,0x00000007b2280000)
 ParOldGen       total 169984K, used 8871K [0x0000000707000000, 0x0000000711600000, 0x00000007ad000000)
  object space 169984K, 5% used [0x0000000707000000,0x00000007078a9f98,0x0000000711600000)
 PSPermGen       total 22528K, used 12009K [0x00000006fca00000, 0x00000006fe000000, 0x0000000707000000)
  object space 22528K, 53% used [0x00000006fca00000,0x00000006fd5ba690,0x00000006fe000000)
Event: 12873.691 GC heap after
Heap after GC invocations=68 (full 5):
 PSYoungGen      total 84480K, used 10471K [0x00000007ad000000, 0x00000007b4f00000, 0x0000000800000000)
  eden space 42496K, 0% used [0x00000007ad000000,0x00000007ad000000,0x00000007af980000)
  from space 41984K, 24% used [0x00000007af980000,0x00000007b03b9d30,0x00000007b2280000)
  to   space 39424K, 0% used [0x00000007b2880000,0x00000007b2880000,0x00000007b4f00000)
 ParOldGen       total 169984K, used 9119K [0x0000000707000000, 0x0000000711600000, 0x00000007ad000000)
  object space 169984K, 5% used [0x0000000707000000,0x00000007078e7ff8,0x0000000711600000)
 PSPermGen       total 22528K, used 12009K [0x00000006fca00000, 0x00000006fe000000, 0x0000000707000000)
  object space 22528K, 53% used [0x00000006fca00000,0x00000006fd5ba690,0x00000006fe000000)
}
Event: 12882.859 GC heap before
{Heap before GC invocations=69 (full 5):
 PSYoungGen      total 84480K, used 52967K [0x00000007ad000000, 0x00000007b4f00000, 0x0000000800000000)
  eden space 42496K, 100% used [0x00000007ad000000,0x00000007af980000,0x00000007af980000)
  from space 41984K, 24% used [0x00000007af980000,0x00000007b03b9d30,0x00000007b2280000)
  to   space 39424K, 0% used [0x00000007b2880000,0x00000007b2880000,0x00000007b4f00000)
 ParOldGen       total 169984K, used 9119K [0x0000000707000000, 0x0000000711600000, 0x00000007ad000000)
  object space 169984K, 5% used [0x0000000707000000,0x00000007078e7ff8,0x0000000711600000)
 PSPermGen       total 22528K, used 12011K [0x00000006fca00000, 0x00000006fe000000, 0x0000000707000000)
  object space 22528K, 53% used [0x00000006fca00000,0x00000006fd5bade8,0x00000006fe000000)
Event: 12882.882 GC heap after
Heap after GC invocations=69 (full 5):
 PSYoungGen      total 89600K, used 192K [0x00000007ad000000, 0x00000007b4e00000, 0x0000000800000000)
  eden space 51200K, 0% used [0x00000007ad000000,0x00000007ad000000,0x00000007b0200000)
  from space 38400K, 0% used [0x00000007b2880000,0x00000007b28b0000,0x00000007b4e00000)
  to   space 38912K, 0% used [0x00000007b0200000,0x00000007b0200000,0x00000007b2800000)
 ParOldGen       total 169984K, used 9296K [0x0000000707000000, 0x0000000711600000, 0x00000007ad000000)
  object space 169984K, 5% used [0x0000000707000000,0x0000000707914038,0x0000000711600000)
 PSPermGen       total 22528K, used 12011K [0x00000006fca00000, 0x00000006fe000000, 0x0000000707000000)
  object space 22528K, 53% used [0x00000006fca00000,0x00000006fd5bade8,0x00000006fe000000)
}
Event: 13334.773 GC heap before
{Heap before GC invocations=70 (full 5):
 PSYoungGen      total 89600K, used 51392K [0x00000007ad000000, 0x00000007b4e00000, 0x0000000800000000)
  eden space 51200K, 100% used [0x00000007ad000000,0x00000007b0200000,0x00000007b0200000)
  from space 38400K, 0% used [0x00000007b2880000,0x00000007b28b0000,0x00000007b4e00000)
  to   space 38912K, 0% used [0x00000007b0200000,0x00000007b0200000,0x00000007b2800000)
 ParOldGen       total 169984K, used 9296K [0x0000000707000000, 0x0000000711600000, 0x00000007ad000000)
  object space 169984K, 5% used [0x0000000707000000,0x0000000707914038,0x0000000711600000)
 PSPermGen       total 22528K, used 12018K [0x00000006fca00000, 0x00000006fe000000, 0x0000000707000000)
  object space 22528K, 53% used [0x00000006fca00000,0x00000006fd5bcbe0,0x00000006fe000000)
Event: 13334.861 GC heap after
Heap after GC invocations=70 (full 5):
 PSYoungGen      total 90112K, used 38907K [0x00000007ad000000, 0x00000007b6900000, 0x0000000800000000)
  eden space 51200K, 0% used [0x00000007ad000000,0x00000007ad000000,0x00000007b0200000)
  from space 38912K, 99% used [0x00000007b0200000,0x00000007b27fecd0,0x00000007b2800000)
  to   space 47616K, 0% used [0x00000007b3a80000,0x00000007b3a80000,0x00000007b6900000)
 ParOldGen       total 169984K, used 13584K [0x0000000707000000, 0x0000000711600000, 0x00000007ad000000)
  object space 169984K, 7% used [0x0000000707000000,0x0000000707d44038,0x0000000711600000)
 PSPermGen       total 22528K, used 12018K [0x00000006fca00000, 0x00000006fe000000, 0x0000000707000000)
  object space 22528K, 53% used [0x00000006fca00000,0x00000006fd5bcbe0,0x00000006fe000000)
}
Event: 13335.077 GC heap before
{Heap before GC invocations=71 (full 5):
 PSYoungGen      total 90112K, used 90107K [0x00000007ad000000, 0x00000007b6900000, 0x0000000800000000)
  eden space 51200K, 100% used [0x00000007ad000000,0x00000007b0200000,0x00000007b0200000)
  from space 38912K, 99% used [0x00000007b0200000,0x00000007b27fecd0,0x00000007b2800000)
  to   space 47616K, 0% used [0x00000007b3a80000,0x00000007b3a80000,0x00000007b6900000)
 ParOldGen       total 169984K, used 13584K [0x0000000707000000, 0x0000000711600000, 0x00000007ad000000)
  object space 169984K, 7% used [0x0000000707000000,0x0000000707d44038,0x0000000711600000)
 PSPermGen       total 22528K, used 12018K [0x00000006fca00000, 0x00000006fe000000, 0x0000000707000000)
  object space 22528K, 53% used [0x00000006fca00000,0x00000006fd5bcbe0,0x00000006fe000000)
Event: 13335.146 GC heap after
Heap after GC invocations=71 (full 5):
 PSYoungGen      total 104960K, used 6727K [0x00000007ad000000, 0x00000007b6500000, 0x0000000800000000)
  eden space 61440K, 0% used [0x00000007ad000000,0x00000007ad000000,0x00000007b0c00000)
  from space 43520K, 15% used [0x00000007b3a80000,0x00000007b4111d30,0x00000007b6500000)
  to   space 45568K, 0% used [0x00000007b0c00000,0x00000007b0c00000,0x00000007b3880000)
 ParOldGen       total 169984K, used 13656K [0x0000000707000000, 0x0000000711600000, 0x00000007ad000000)
  object space 169984K, 8% used [0x0000000707000000,0x0000000707d56058,0x0000000711600000)
 PSPermGen       total 22528K, used 12018K [0x00000006fca00000, 0x00000006fe000000, 0x0000000707000000)
  object space 22528K, 53% used [0x00000006fca00000,0x00000006fd5bcbe0,0x00000006fe000000)
}

